2022-11-16 23:30:44.766900000000 [8272(ThreadId 13)] ERROR APP - [CRITICAL] can not get the initial ghci prompt.
2022-11-16 23:32:25.641581000000 [8506(ThreadId 13)] ERROR APP - user error (<getModule> loaded module can not find from path. </Users/patrickmineault/Documents/learn-you/polynomial-mult/funs.hs> [])
2022-11-16 23:32:25.661637000000 [8506(ThreadId 13)] ERROR APP - start debugging failed. user error (ExecResult not found.) : Left "user error (ExecResult not found.)"
2022-11-16 23:33:30.304489000000 [8647(ThreadId 13)] ERROR APP - start debugging failed. user error (ExecResult not found.) : Left "user error (ExecResult not found.)"
2022-11-16 23:52:00.674521000000 [8867(ThreadId 13)] ERROR APP - user error (<getModule> loaded module can not find from path. </Users/patrickmineault/Documents/learn-you/polynomial-mult/funs.hs> [])
2022-11-16 23:52:00.691254000000 [8867(ThreadId 13)] ERROR APP - start debugging failed. user error (ExecResult not found.) : Left "user error (ExecResult not found.)"
2022-11-16 23:53:11.734708000000 [9023(ThreadId 13)] ERROR APP - user error (<getModule> loaded module can not find from path. </Users/patrickmineault/Documents/learn-you/polynomial-mult/funs.hs> [])
2022-11-16 23:53:11.752239000000 [9023(ThreadId 13)] ERROR APP - start debugging failed. user error (ExecResult not found.) : Left "user error (ExecResult not found.)"
2022-11-16 23:53:33.358936000000 [9149(ThreadId 13)] ERROR APP - user error (<getModule> loaded module can not find from path. </Users/patrickmineault/Documents/learn-you/polynomial-mult/funs.hs> [])
2022-11-16 23:53:33.377493000000 [9149(ThreadId 13)] ERROR APP - start debugging failed. user error (ExecResult not found.) : Left "user error (ExecResult not found.)"
2022-11-16 23:53:36.694309000000 [9263(ThreadId 13)] ERROR APP - user error (<getModule> loaded module can not find from path. </Users/patrickmineault/Documents/learn-you/polynomial-mult/funs.hs> [])
2022-11-16 23:53:36.712657000000 [9263(ThreadId 13)] ERROR APP - start debugging failed. user error (ExecResult not found.) : Left "user error (ExecResult not found.)"
2022-11-16 23:54:07.258171000000 [9413(ThreadId 13)] ERROR APP - user error (<getModule> loaded module can not find from path. </Users/patrickmineault/Documents/learn-you/polynomial-mult/funs.hs> [])
2022-11-16 23:54:07.288687000000 [9413(ThreadId 13)] ERROR APP - start debugging failed. user error (ExecResult not found.) : Left "user error (ExecResult not found.)"
2022-11-16 23:55:12.310754000000 [9546(ThreadId 13)] CRITICAL APP - invalid dap result from ghci. ["example<<DAP>>Right (StoppedEventBody {reasonStoppedEventBody = \"complete\", descriptionStoppedEventBody = \"\", threadIdStoppedEventBody = 0, textStoppedEventBody = \"\", allThreadsStoppedStoppedEventBody = True})","H>>= "]
2022-11-16 23:55:16.313947000000 [9666(ThreadId 13)] CRITICAL APP - invalid dap result from ghci. ["example<<DAP>>Right (StoppedEventBody {reasonStoppedEventBody = \"complete\", descriptionStoppedEventBody = \"\", threadIdStoppedEventBody = 0, textStoppedEventBody = \"\", allThreadsStoppedStoppedEventBody = True})","H>>= "]
2022-11-16 23:58:54.020484000000 [9788(ThreadId 12)] WARNING REQUEST - unsupported request command. {"command":"stepOut","arguments":{"threadId":0},"type":"request","seq":78}
2022-11-16 23:58:58.806736000000 [9788(ThreadId 13)] ERROR APP - already at the beginning of the history
2022-11-16 23:59:02.720032000000 [9788(ThreadId 12)] WARNING REQUEST - unsupported request command. {"command":"stepOut","arguments":{"threadId":0},"type":"request","seq":86}
2022-11-16 23:59:04.723052000000 [9788(ThreadId 13)] ERROR APP - already at the beginning of the history
2022-11-16 23:59:14.236579000000 [9788(ThreadId 13)] ERROR APP - invalid dap result from ghci. ["[2.0 :+ 0.0,2.0 :+ 1.0,(-4.371139e-8) :+ 1.0,0.0 :+ 0.0,5.9604645e-8 :+ (-1.0),4.371139e-8 :+ (-1.0)]<<DAP>>Right (StoppedEventBody {reasonStoppedEventBody = \"complete\", descriptionStoppedEventBody = \"\", threadIdStoppedEventBody = 0, textStoppedEventBody = \"\", allThreadsStoppedStoppedEventBody = True})","H>>= "]
2022-11-16 23:59:52.379745000000 [9935(ThreadId 13)] ERROR APP - invalid dap result from ghci. ["[2.0 :+ 0.0,2.0 :+ 1.0,(-4.371139e-8) :+ 1.0,0.0 :+ 0.0,5.9604645e-8 :+ (-1.0),4.371139e-8 :+ (-1.0)]<<DAP>>Right (StoppedEventBody {reasonStoppedEventBody = \"complete\", descriptionStoppedEventBody = \"\", threadIdStoppedEventBody = 0, textStoppedEventBody = \"\", allThreadsStoppedStoppedEventBody = True})","H>>= "]
2022-11-17 00:01:34.560932000000 [10217(ThreadId 13)] ERROR APP - invalid dap result from ghci. ["[2.0 :+ 0.0,2.0 :+ 1.0,(-4.371139e-8) :+ 1.0,0.0 :+ 0.0,5.9604645e-8 :+ (-1.0),4.371139e-8 :+ (-1.0)]<<DAP>>Right (StoppedEventBody {reasonStoppedEventBody = \"complete\", descriptionStoppedEventBody = \"\", threadIdStoppedEventBody = 0, textStoppedEventBody = \"\", allThreadsStoppedStoppedEventBody = True})","H>>= "]
